<?xml version="1.0" encoding="UTF-8"?>
<testsuite name="org.douggschwind.games.cardgames.common.DeckFactoryTest" tests="2" skipped="0" failures="0" errors="0" timestamp="2023-12-21T06:41:37" hostname="LAPTOP-3ED8386C" time="0.008">
  <properties/>
  <testcase name="testStandardDeck()" classname="org.douggschwind.games.cardgames.common.DeckFactoryTest" time="0.005"/>
  <testcase name="testEuchreDeck()" classname="org.douggschwind.games.cardgames.common.DeckFactoryTest" time="0.002"/>
  <system-out><![CDATA[]]></system-out>
  <system-err><![CDATA[]]></system-err>
</testsuite>
