<?xml version="1.0" encoding="UTF-8"?>
<testsuite name="org.douggschwind.games.cardgames.common.PlayerTest" tests="3" skipped="0" failures="0" errors="0" timestamp="2023-12-21T06:41:37" hostname="LAPTOP-3ED8386C" time="0.005">
  <properties/>
  <testcase name="testPlayerNotEquals()" classname="org.douggschwind.games.cardgames.common.PlayerTest" time="0.002"/>
  <testcase name="testPlayerEquals()" classname="org.douggschwind.games.cardgames.common.PlayerTest" time="0.0"/>
  <testcase name="testNewHand()" classname="org.douggschwind.games.cardgames.common.PlayerTest" time="0.001"/>
  <system-out><![CDATA[]]></system-out>
  <system-err><![CDATA[]]></system-err>
</testsuite>
