<?xml version="1.0" encoding="UTF-8"?>
<testsuite name="org.douggschwind.games.common.DeckOfCardsTest" tests="1" skipped="0" failures="0" errors="0" timestamp="2023-12-21T06:41:37" hostname="LAPTOP-3ED8386C" time="0.001">
  <properties/>
  <testcase name="testDeckOfCardsLifecycle()" classname="org.douggschwind.games.common.DeckOfCardsTest" time="0.001"/>
  <system-out><![CDATA[]]></system-out>
  <system-err><![CDATA[]]></system-err>
</testsuite>
