<?xml version="1.0" encoding="UTF-8"?>
<testsuite name="org.douggschwind.games.chess.ChessBoardTest" tests="7" skipped="0" failures="0" errors="0" timestamp="2023-12-21T06:41:37" hostname="LAPTOP-3ED8386C" time="0.033">
  <properties/>
  <testcase name="testCanMoveFrom()" classname="org.douggschwind.games.chess.ChessBoardTest" time="0.018"/>
  <testcase name="testQueenSideCastling()" classname="org.douggschwind.games.chess.ChessBoardTest" time="0.004"/>
  <testcase name="testCanMoveToStartOfGame()" classname="org.douggschwind.games.chess.ChessBoardTest" time="0.003"/>
  <testcase name="testEnPassantToLeft()" classname="org.douggschwind.games.chess.ChessBoardTest" time="0.001"/>
  <testcase name="testStartOfGameSetup()" classname="org.douggschwind.games.chess.ChessBoardTest" time="0.001"/>
  <testcase name="testEnPassantToRight()" classname="org.douggschwind.games.chess.ChessBoardTest" time="0.001"/>
  <testcase name="testKingSideCastling()" classname="org.douggschwind.games.chess.ChessBoardTest" time="0.001"/>
  <system-out><![CDATA[]]></system-out>
  <system-err><![CDATA[]]></system-err>
</testsuite>
